<?xml version="1.0" encoding="UTF-8"?>
<!-- Generated by org.testng.reporters.JUnitReportReporter -->
<testsuite skipped="0" hostname="DESKTOP-TNDKL02" name="com.webtest.demo.LanguageSetting" tests="6" failures="0" timestamp="2020-12-03T12:04:54 CST" time="87.757" errors="0">
  <testcase name="openBackLanguageSwitch" time="9.791" classname="com.webtest.demo.LanguageSetting"/>
  <system-out/>
  <testcase name="closeLanguageSwitch" time="9.781" classname="com.webtest.demo.LanguageSetting"/>
  <system-out/>
  <testcase name="closeCSLanguageSwtich" time="9.751" classname="com.webtest.demo.LanguageSetting"/>
  <system-out/>
  <testcase name="addNewLanguage" time="25.689" classname="com.webtest.demo.LanguageSetting"/>
  <system-out/>
  <testcase name="editLanguage" time="18.980" classname="com.webtest.demo.LanguageSetting"/>
  <system-out/>
  <testcase name="plugInsEdit" time="13.765" classname="com.webtest.demo.LanguageSetting"/>
  <system-out/>
</testsuite> <!-- com.webtest.demo.LanguageSetting -->
