<?xml version="1.0" encoding="UTF-8"?>
<!-- Generated by org.testng.reporters.JUnitReportReporter -->
<testsuite skipped="49" hostname="YH-20191221DGKP" name="test.TestAuto" tests="51" failures="0" timestamp="2020-12-02T15:09:04 CST" time="20.085" errors="2">
  <testcase name="doAfterMethod" time="4.323" classname="test.TestAuto">
    <error type="org.openqa.selenium.NoSuchSessionException" message="Tried to run command without establishing a connection
Build info: version: &#039;3.141.59&#039;, revision: &#039;e82be7d358&#039;, time: &#039;2018-11-14T08:25:53&#039;
System info: host: &#039;YH-20191221DGKP&#039;, ip: &#039;172.18.192.1&#039;, os.name: &#039;Windows 10&#039;, os.arch: &#039;amd64&#039;, os.version: &#039;10.0&#039;, java.version: &#039;1.8.0_221&#039;
Driver info: org.openqa.selenium.firefox.FirefoxDriver
Capabilities {acceptInsecureCerts: true, browserName: firefox, browserVersion: 75.0, javascriptEnabled: true, moz:accessibilityChecks: false, moz:buildID: 20200403170909, moz:geckodriverVersion: 0.26.0, moz:headless: false, moz:processID: 8164, moz:profile: C:\Users\user\AppData\Local..., moz:shutdownTimeout: 60000, moz:useNonSpecCompliantPointerOrigin: false, moz:webdriverClick: true, pageLoadStrategy: normal, platform: WINDOWS, platformName: WINDOWS, platformVersion: 10.0, rotatable: false, setWindowRect: true, strictFileInteractability: false, timeouts: {implicit: 0, pageLoad: 300000, script: 30000}, unhandledPromptBehavior: dismiss and notify}
Session ID: fe4f3446-3bdf-44df-b914-8cd960a5dc5b">
      <![CDATA[org.openqa.selenium.NoSuchSessionException: Tried to run command without establishing a connection
Build info: version: '3.141.59', revision: 'e82be7d358', time: '2018-11-14T08:25:53'
System info: host: 'YH-20191221DGKP', ip: '172.18.192.1', os.name: 'Windows 10', os.arch: 'amd64', os.version: '10.0', java.version: '1.8.0_221'
Driver info: org.openqa.selenium.firefox.FirefoxDriver
Capabilities {acceptInsecureCerts: true, browserName: firefox, browserVersion: 75.0, javascriptEnabled: true, moz:accessibilityChecks: false, moz:buildID: 20200403170909, moz:geckodriverVersion: 0.26.0, moz:headless: false, moz:processID: 8164, moz:profile: C:\Users\user\AppData\Local..., moz:shutdownTimeout: 60000, moz:useNonSpecCompliantPointerOrigin: false, moz:webdriverClick: true, pageLoadStrategy: normal, platform: WINDOWS, platformName: WINDOWS, platformVersion: 10.0, rotatable: false, setWindowRect: true, strictFileInteractability: false, timeouts: {implicit: 0, pageLoad: 300000, script: 30000}, unhandledPromptBehavior: dismiss and notify}
Session ID: fe4f3446-3bdf-44df-b914-8cd960a5dc5b
at sun.reflect.NativeConstructorAccessorImpl.newInstance0(Native Method)
at sun.reflect.NativeConstructorAccessorImpl.newInstance(Unknown Source)
at sun.reflect.DelegatingConstructorAccessorImpl.newInstance(Unknown Source)
at java.lang.reflect.Constructor.newInstance(Unknown Source)
at org.openqa.selenium.remote.http.W3CHttpResponseCodec.createException(W3CHttpResponseCodec.java:187)
at org.openqa.selenium.remote.http.W3CHttpResponseCodec.decode(W3CHttpResponseCodec.java:122)
at org.openqa.selenium.remote.http.W3CHttpResponseCodec.decode(W3CHttpResponseCodec.java:49)
at org.openqa.selenium.remote.HttpCommandExecutor.execute(HttpCommandExecutor.java:158)
at org.openqa.selenium.remote.service.DriverCommandExecutor.execute(DriverCommandExecutor.java:83)
at org.openqa.selenium.remote.RemoteWebDriver.execute(RemoteWebDriver.java:552)
at org.openqa.selenium.remote.RemoteWebDriver.execute(RemoteWebDriver.java:609)
at org.openqa.selenium.remote.RemoteWebDriver.quit(RemoteWebDriver.java:452)
at driver.BaseTest.doAfterMethod(BaseTest.java:54)
at sun.reflect.NativeMethodAccessorImpl.invoke0(Native Method)
at sun.reflect.NativeMethodAccessorImpl.invoke(Unknown Source)
at sun.reflect.DelegatingMethodAccessorImpl.invoke(Unknown Source)
at java.lang.reflect.Method.invoke(Unknown Source)
at org.testng.internal.MethodInvocationHelper.invokeMethod(MethodInvocationHelper.java:134)
at org.testng.internal.MethodInvocationHelper.invokeMethodConsideringTimeout(MethodInvocationHelper.java:63)
at org.testng.internal.ConfigInvoker.invokeConfigurationMethod(ConfigInvoker.java:348)
at org.testng.internal.ConfigInvoker.invokeConfigurations(ConfigInvoker.java:302)
at org.testng.internal.TestInvoker.runConfigMethods(TestInvoker.java:695)
at org.testng.internal.TestInvoker.runAfterGroupsConfigurations(TestInvoker.java:671)
at org.testng.internal.TestInvoker.invokeMethod(TestInvoker.java:655)
at org.testng.internal.TestInvoker.invokeTestMethod(TestInvoker.java:173)
at org.testng.internal.MethodRunner.runInSequence(MethodRunner.java:46)
at org.testng.internal.TestInvoker$MethodInvocationAgent.invoke(TestInvoker.java:816)
at org.testng.internal.TestInvoker.invokeTestMethods(TestInvoker.java:146)
at org.testng.internal.TestMethodWorker.invokeTestMethods(TestMethodWorker.java:146)
at org.testng.internal.TestMethodWorker.run(TestMethodWorker.java:128)
at java.util.ArrayList.forEach(Unknown Source)
at org.testng.TestRunner.privateRun(TestRunner.java:766)
at org.testng.TestRunner.run(TestRunner.java:587)
at org.testng.SuiteRunner.runTest(SuiteRunner.java:384)
at org.testng.SuiteRunner.runSequentially(SuiteRunner.java:378)
at org.testng.SuiteRunner.privateRun(SuiteRunner.java:337)
at org.testng.SuiteRunner.run(SuiteRunner.java:286)
at org.testng.SuiteRunnerWorker.runSuite(SuiteRunnerWorker.java:53)
at org.testng.SuiteRunnerWorker.run(SuiteRunnerWorker.java:96)
at org.testng.TestNG.runSuitesSequentially(TestNG.java:1187)
at org.testng.TestNG.runSuitesLocally(TestNG.java:1109)
at org.testng.TestNG.runSuites(TestNG.java:1039)
at org.testng.TestNG.run(TestNG.java:1007)
at org.testng.remote.AbstractRemoteTestNG.run(AbstractRemoteTestNG.java:115)
at org.testng.remote.RemoteTestNG.initAndRun(RemoteTestNG.java:251)
at org.testng.remote.RemoteTestNG.main(RemoteTestNG.java:77)
]]>
    </error>
  </testcase> <!-- doAfterMethod -->
  <system-out/>
  <testcase name="yjltest1" time="15.762" classname="test.TestAuto">
    <error type="org.openqa.selenium.WebDriverException" message="Failed to decode response from marionette
Build info: version: &#039;3.141.59&#039;, revision: &#039;e82be7d358&#039;, time: &#039;2018-11-14T08:25:53&#039;
System info: host: &#039;YH-20191221DGKP&#039;, ip: &#039;172.18.192.1&#039;, os.name: &#039;Windows 10&#039;, os.arch: &#039;amd64&#039;, os.version: &#039;10.0&#039;, java.version: &#039;1.8.0_221&#039;
Driver info: org.openqa.selenium.firefox.FirefoxDriver
Capabilities {acceptInsecureCerts: true, browserName: firefox, browserVersion: 75.0, javascriptEnabled: true, moz:accessibilityChecks: false, moz:buildID: 20200403170909, moz:geckodriverVersion: 0.26.0, moz:headless: false, moz:processID: 8164, moz:profile: C:\Users\user\AppData\Local..., moz:shutdownTimeout: 60000, moz:useNonSpecCompliantPointerOrigin: false, moz:webdriverClick: true, pageLoadStrategy: normal, platform: WINDOWS, platformName: WINDOWS, platformVersion: 10.0, rotatable: false, setWindowRect: true, strictFileInteractability: false, timeouts: {implicit: 0, pageLoad: 300000, script: 30000}, unhandledPromptBehavior: dismiss and notify}
Session ID: fe4f3446-3bdf-44df-b914-8cd960a5dc5b">
      <![CDATA[org.openqa.selenium.WebDriverException: Failed to decode response from marionette
Build info: version: '3.141.59', revision: 'e82be7d358', time: '2018-11-14T08:25:53'
System info: host: 'YH-20191221DGKP', ip: '172.18.192.1', os.name: 'Windows 10', os.arch: 'amd64', os.version: '10.0', java.version: '1.8.0_221'
Driver info: org.openqa.selenium.firefox.FirefoxDriver
Capabilities {acceptInsecureCerts: true, browserName: firefox, browserVersion: 75.0, javascriptEnabled: true, moz:accessibilityChecks: false, moz:buildID: 20200403170909, moz:geckodriverVersion: 0.26.0, moz:headless: false, moz:processID: 8164, moz:profile: C:\Users\user\AppData\Local..., moz:shutdownTimeout: 60000, moz:useNonSpecCompliantPointerOrigin: false, moz:webdriverClick: true, pageLoadStrategy: normal, platform: WINDOWS, platformName: WINDOWS, platformVersion: 10.0, rotatable: false, setWindowRect: true, strictFileInteractability: false, timeouts: {implicit: 0, pageLoad: 300000, script: 30000}, unhandledPromptBehavior: dismiss and notify}
Session ID: fe4f3446-3bdf-44df-b914-8cd960a5dc5b
at sun.reflect.NativeConstructorAccessorImpl.newInstance0(Native Method)
at sun.reflect.NativeConstructorAccessorImpl.newInstance(Unknown Source)
at sun.reflect.DelegatingConstructorAccessorImpl.newInstance(Unknown Source)
at java.lang.reflect.Constructor.newInstance(Unknown Source)
at org.openqa.selenium.remote.http.W3CHttpResponseCodec.createException(W3CHttpResponseCodec.java:187)
at org.openqa.selenium.remote.http.W3CHttpResponseCodec.decode(W3CHttpResponseCodec.java:122)
at org.openqa.selenium.remote.http.W3CHttpResponseCodec.decode(W3CHttpResponseCodec.java:49)
at org.openqa.selenium.remote.HttpCommandExecutor.execute(HttpCommandExecutor.java:158)
at org.openqa.selenium.remote.service.DriverCommandExecutor.execute(DriverCommandExecutor.java:83)
at org.openqa.selenium.remote.RemoteWebDriver.execute(RemoteWebDriver.java:552)
at org.openqa.selenium.remote.RemoteWebDriver$RemoteTargetLocator.frame(RemoteWebDriver.java:872)
at driver.WebDriverEngine.enterFrame(WebDriverEngine.java:54)
at test.TestAuto.email(TestAuto.java:18)
at test.TestAuto.yjltest1(TestAuto.java:58)
at sun.reflect.NativeMethodAccessorImpl.invoke0(Native Method)
at sun.reflect.NativeMethodAccessorImpl.invoke(Unknown Source)
at sun.reflect.DelegatingMethodAccessorImpl.invoke(Unknown Source)
at java.lang.reflect.Method.invoke(Unknown Source)
at org.testng.internal.MethodInvocationHelper.invokeMethod(MethodInvocationHelper.java:134)
at org.testng.internal.TestInvoker.invokeMethod(TestInvoker.java:597)
at org.testng.internal.TestInvoker.invokeTestMethod(TestInvoker.java:173)
at org.testng.internal.MethodRunner.runInSequence(MethodRunner.java:46)
at org.testng.internal.TestInvoker$MethodInvocationAgent.invoke(TestInvoker.java:816)
at org.testng.internal.TestInvoker.invokeTestMethods(TestInvoker.java:146)
at org.testng.internal.TestMethodWorker.invokeTestMethods(TestMethodWorker.java:146)
at org.testng.internal.TestMethodWorker.run(TestMethodWorker.java:128)
at java.util.ArrayList.forEach(Unknown Source)
at org.testng.TestRunner.privateRun(TestRunner.java:766)
at org.testng.TestRunner.run(TestRunner.java:587)
at org.testng.SuiteRunner.runTest(SuiteRunner.java:384)
at org.testng.SuiteRunner.runSequentially(SuiteRunner.java:378)
at org.testng.SuiteRunner.privateRun(SuiteRunner.java:337)
at org.testng.SuiteRunner.run(SuiteRunner.java:286)
at org.testng.SuiteRunnerWorker.runSuite(SuiteRunnerWorker.java:53)
at org.testng.SuiteRunnerWorker.run(SuiteRunnerWorker.java:96)
at org.testng.TestNG.runSuitesSequentially(TestNG.java:1187)
at org.testng.TestNG.runSuitesLocally(TestNG.java:1109)
at org.testng.TestNG.runSuites(TestNG.java:1039)
at org.testng.TestNG.run(TestNG.java:1007)
at org.testng.remote.AbstractRemoteTestNG.run(AbstractRemoteTestNG.java:115)
at org.testng.remote.RemoteTestNG.initAndRun(RemoteTestNG.java:251)
at org.testng.remote.RemoteTestNG.main(RemoteTestNG.java:77)
]]>
    </error>
  </testcase> <!-- yjltest1 -->
  <system-out/>
  <testcase name="yjltest2" time="0.000" classname="test.TestAuto">
    <skipped/>
  </testcase> <!-- yjltest2 -->
  <system-out/>
  <testcase name="yjltest3" time="0.000" classname="test.TestAuto">
    <skipped/>
  </testcase> <!-- yjltest3 -->
  <system-out/>
  <testcase name="yjltest4" time="0.000" classname="test.TestAuto">
    <skipped/>
  </testcase> <!-- yjltest4 -->
  <system-out/>
  <testcase name="yjltest5" time="0.000" classname="test.TestAuto">
    <skipped/>
  </testcase> <!-- yjltest5 -->
  <system-out/>
  <testcase name="yjltest6" time="0.000" classname="test.TestAuto">
    <skipped/>
  </testcase> <!-- yjltest6 -->
  <system-out/>
  <testcase name="yjltest7" time="0.000" classname="test.TestAuto">
    <skipped/>
  </testcase> <!-- yjltest7 -->
  <system-out/>
  <testcase name="yjltest8" time="0.000" classname="test.TestAuto">
    <skipped/>
  </testcase> <!-- yjltest8 -->
  <system-out/>
  <testcase name="yjltest9" time="0.000" classname="test.TestAuto">
    <skipped/>
  </testcase> <!-- yjltest9 -->
  <system-out/>
  <testcase name="yjltest10" time="0.000" classname="test.TestAuto">
    <skipped/>
  </testcase> <!-- yjltest10 -->
  <system-out/>
  <testcase name="yjltest11" time="0.000" classname="test.TestAuto">
    <skipped/>
  </testcase> <!-- yjltest11 -->
  <system-out/>
  <testcase name="yjltest12" time="0.000" classname="test.TestAuto">
    <skipped/>
  </testcase> <!-- yjltest12 -->
  <system-out/>
  <testcase name="yjltest13" time="0.000" classname="test.TestAuto">
    <skipped/>
  </testcase> <!-- yjltest13 -->
  <system-out/>
  <testcase name="yjltest14" time="0.000" classname="test.TestAuto">
    <skipped/>
  </testcase> <!-- yjltest14 -->
  <system-out/>
  <testcase name="yjltest15" time="0.000" classname="test.TestAuto">
    <skipped/>
  </testcase> <!-- yjltest15 -->
  <system-out/>
  <testcase name="yjltest16" time="0.000" classname="test.TestAuto">
    <skipped/>
  </testcase> <!-- yjltest16 -->
  <system-out/>
  <testcase name="yjltest17" time="0.000" classname="test.TestAuto">
    <skipped/>
  </testcase> <!-- yjltest17 -->
  <system-out/>
  <testcase name="yjltest18" time="0.000" classname="test.TestAuto">
    <skipped/>
  </testcase> <!-- yjltest18 -->
  <system-out/>
  <testcase name="yjltest19" time="0.000" classname="test.TestAuto">
    <skipped/>
  </testcase> <!-- yjltest19 -->
  <system-out/>
  <testcase name="yjltest20" time="0.000" classname="test.TestAuto">
    <skipped/>
  </testcase> <!-- yjltest20 -->
  <system-out/>
  <testcase name="yjltest21" time="0.000" classname="test.TestAuto">
    <skipped/>
  </testcase> <!-- yjltest21 -->
  <system-out/>
  <testcase name="yjltest22" time="0.000" classname="test.TestAuto">
    <skipped/>
  </testcase> <!-- yjltest22 -->
  <system-out/>
  <testcase name="yjltest23" time="0.000" classname="test.TestAuto">
    <skipped/>
  </testcase> <!-- yjltest23 -->
  <system-out/>
  <testcase name="yjltest24" time="0.000" classname="test.TestAuto">
    <skipped/>
  </testcase> <!-- yjltest24 -->
  <system-out/>
  <testcase name="yjltest25" time="0.000" classname="test.TestAuto">
    <skipped/>
  </testcase> <!-- yjltest25 -->
  <system-out/>
  <testcase name="yjltest26" time="0.000" classname="test.TestAuto">
    <skipped/>
  </testcase> <!-- yjltest26 -->
  <system-out/>
  <testcase name="yjltest27" time="0.000" classname="test.TestAuto">
    <skipped/>
  </testcase> <!-- yjltest27 -->
  <system-out/>
  <testcase name="yjltest28" time="0.000" classname="test.TestAuto">
    <skipped/>
  </testcase> <!-- yjltest28 -->
  <system-out/>
  <testcase name="yjltest29" time="0.000" classname="test.TestAuto">
    <skipped/>
  </testcase> <!-- yjltest29 -->
  <system-out/>
  <testcase name="yjltest30" time="0.000" classname="test.TestAuto">
    <skipped/>
  </testcase> <!-- yjltest30 -->
  <system-out/>
  <testcase name="yjltest31" time="0.000" classname="test.TestAuto">
    <skipped/>
  </testcase> <!-- yjltest31 -->
  <system-out/>
  <testcase name="yjltest32" time="0.000" classname="test.TestAuto">
    <skipped/>
  </testcase> <!-- yjltest32 -->
  <system-out/>
  <testcase name="yjltest33" time="0.000" classname="test.TestAuto">
    <skipped/>
  </testcase> <!-- yjltest33 -->
  <system-out/>
  <testcase name="yjltest34" time="0.000" classname="test.TestAuto">
    <skipped/>
  </testcase> <!-- yjltest34 -->
  <system-out/>
  <testcase name="yjltest35" time="0.000" classname="test.TestAuto">
    <skipped/>
  </testcase> <!-- yjltest35 -->
  <system-out/>
  <testcase name="yjltest36" time="0.000" classname="test.TestAuto">
    <skipped/>
  </testcase> <!-- yjltest36 -->
  <system-out/>
  <testcase name="yjltest37" time="0.000" classname="test.TestAuto">
    <skipped/>
  </testcase> <!-- yjltest37 -->
  <system-out/>
  <testcase name="yjltest38" time="0.000" classname="test.TestAuto">
    <skipped/>
  </testcase> <!-- yjltest38 -->
  <system-out/>
  <testcase name="yjltest39" time="0.000" classname="test.TestAuto">
    <skipped/>
  </testcase> <!-- yjltest39 -->
  <system-out/>
  <testcase name="yjltest40" time="0.000" classname="test.TestAuto">
    <skipped/>
  </testcase> <!-- yjltest40 -->
  <system-out/>
  <testcase name="yjltest41" time="0.000" classname="test.TestAuto">
    <skipped/>
  </testcase> <!-- yjltest41 -->
  <system-out/>
  <testcase name="yjltest42" time="0.000" classname="test.TestAuto">
    <skipped/>
  </testcase> <!-- yjltest42 -->
  <system-out/>
  <testcase name="yjltest43" time="0.000" classname="test.TestAuto">
    <skipped/>
  </testcase> <!-- yjltest43 -->
  <system-out/>
  <testcase name="yjltest44" time="0.000" classname="test.TestAuto">
    <skipped/>
  </testcase> <!-- yjltest44 -->
  <system-out/>
  <testcase name="yjltest45" time="0.000" classname="test.TestAuto">
    <skipped/>
  </testcase> <!-- yjltest45 -->
  <system-out/>
  <testcase name="yjltest46" time="0.000" classname="test.TestAuto">
    <skipped/>
  </testcase> <!-- yjltest46 -->
  <system-out/>
  <testcase name="yjltest47" time="0.000" classname="test.TestAuto">
    <skipped/>
  </testcase> <!-- yjltest47 -->
  <system-out/>
  <testcase name="yjltest48" time="0.000" classname="test.TestAuto">
    <skipped/>
  </testcase> <!-- yjltest48 -->
  <system-out/>
  <testcase name="yjltest49" time="0.000" classname="test.TestAuto">
    <skipped/>
  </testcase> <!-- yjltest49 -->
  <system-out/>
  <testcase name="yjltest50" time="0.000" classname="test.TestAuto">
    <skipped/>
  </testcase> <!-- yjltest50 -->
  <system-out/>
</testsuite> <!-- test.TestAuto -->
