<?xml version="1.0" encoding="UTF-8"?>
<!-- Generated by org.testng.reporters.JUnitReportReporter -->
<testsuite skipped="0" hostname="DESKTOP-TNDKL02" name="com.webtest.demo.PhoneMenuSetting" tests="9" failures="0" timestamp="2020-12-03T16:15:01 CST" time="187.176" errors="0">
  <testcase name="editPhoneBtnText" time="18.391" classname="com.webtest.demo.PhoneMenuSetting"/>
  <system-out/>
  <testcase name="editPhoneBtnUrl" time="25.369" classname="com.webtest.demo.PhoneMenuSetting"/>
  <system-out/>
  <testcase name="deletePhoneBtnImg" time="19.618" classname="com.webtest.demo.PhoneMenuSetting"/>
  <system-out/>
  <testcase name="editPhoneBtnImg" time="26.975" classname="com.webtest.demo.PhoneMenuSetting"/>
  <system-out/>
  <testcase name="editPhoneBtnColor" time="16.581" classname="com.webtest.demo.PhoneMenuSetting"/>
  <system-out/>
  <testcase name="editPhoneTextColor" time="16.683" classname="com.webtest.demo.PhoneMenuSetting"/>
  <system-out/>
  <testcase name="editPhoneBtnEnable" time="21.894" classname="com.webtest.demo.PhoneMenuSetting"/>
  <system-out/>
  <testcase name="addPhoneBtn" time="19.859" classname="com.webtest.demo.PhoneMenuSetting"/>
  <system-out/>
  <testcase name="deletePhoneBtn" time="21.806" classname="com.webtest.demo.PhoneMenuSetting"/>
  <system-out/>
</testsuite> <!-- com.webtest.demo.PhoneMenuSetting -->
