<?xml version="1.0" encoding="UTF-8"?>
<!-- Generated by org.testng.reporters.JUnitReportReporter -->
<testsuite skipped="0" hostname="DESKTOP-TNDKL02" name="com.webtest.demo.NowPageSetting" tests="6" failures="0" timestamp="2020-12-03T12:04:54 CST" time="140.862" errors="0">
  <testcase name="siteInfoSetting1" time="42.964" classname="com.webtest.demo.NowPageSetting"/>
  <system-out/>
  <testcase name="otherImg" time="21.315" classname="com.webtest.demo.NowPageSetting"/>
  <system-out/>
  <testcase name="localImg" time="19.578" classname="com.webtest.demo.NowPageSetting"/>
  <system-out/>
  <testcase name="setBottomInf" time="16.817" classname="com.webtest.demo.NowPageSetting"/>
  <system-out/>
  <testcase name="setBottomOtherInf" time="19.797" classname="com.webtest.demo.NowPageSetting"/>
  <system-out/>
  <testcase name="setTextStyle" time="20.391" classname="com.webtest.demo.NowPageSetting"/>
  <system-out/>
</testsuite> <!-- com.webtest.demo.NowPageSetting -->
