<?xml version="1.0" encoding="UTF-8"?>
<!-- Generated by org.testng.reporters.JUnitReportReporter -->
<testsuite skipped="0" hostname="DESKTOP-TNDKL02" name="com.webtest.demo.CustomerServiceSetting" tests="12" failures="0" timestamp="2020-12-03T12:04:54 CST" time="326.448" errors="0">
  <testcase name="editCSName" time="19.226" classname="com.webtest.demo.CustomerServiceSetting"/>
  <system-out/>
  <testcase name="editCSPhoneNum" time="22.419" classname="com.webtest.demo.CustomerServiceSetting"/>
  <system-out/>
  <testcase name="editeCSType" time="27.959" classname="com.webtest.demo.CustomerServiceSetting"/>
  <system-out/>
  <testcase name="deleteCSImg" time="22.824" classname="com.webtest.demo.CustomerServiceSetting"/>
  <system-out/>
  <testcase name="editCSImg" time="29.703" classname="com.webtest.demo.CustomerServiceSetting"/>
  <system-out/>
  <testcase name="addCS" time="38.796" classname="com.webtest.demo.CustomerServiceSetting"/>
  <system-out/>
  <testcase name="deleteCS" time="22.905" classname="com.webtest.demo.CustomerServiceSetting"/>
  <system-out/>
  <testcase name="editFixedStyle" time="23.599" classname="com.webtest.demo.CustomerServiceSetting"/>
  <system-out/>
  <testcase name="CSstyleSetting" time="30.934" classname="com.webtest.demo.CustomerServiceSetting"/>
  <system-out/>
  <testcase name="otherSetting" time="33.708" classname="com.webtest.demo.CustomerServiceSetting"/>
  <system-out/>
  <testcase name="addColumn" time="27.734" classname="com.webtest.demo.CustomerServiceSetting"/>
  <system-out/>
  <testcase name="deleteColumn" time="26.641" classname="com.webtest.demo.CustomerServiceSetting"/>
  <system-out/>
</testsuite> <!-- com.webtest.demo.CustomerServiceSetting -->
