<?xml version="1.0" encoding="UTF-8"?>
<!-- Generated by org.testng.reporters.JUnitReportReporter -->
<testsuite skipped="1" hostname="YH-20191221DGKP" name="test.TestDemo" tests="1" failures="0" timestamp="2020-12-04T17:05:51 CST" time="0.000" errors="0">
  <testcase name="test1" time="0.000" classname="test.TestDemo">
    <skipped/>
  </testcase> <!-- test1 -->
  <system-out/>
</testsuite> <!-- test.TestDemo -->
