<?xml version="1.0" encoding="UTF-8"?>
<!-- Generated by org.testng.reporters.JUnitReportReporter -->
<testsuite skipped="0" hostname="YH-20191221DGKP" name="test.TestDemo" tests="3" failures="0" timestamp="2020-12-02T15:48:40 CST" time="0.006" errors="0">
  <testcase name="u" time="0.000" classname="test.TestDemo"/>
  <system-out/>
  <testcase name="u" time="0.001" classname="test.TestDemo"/>
  <system-out/>
  <testcase name="u" time="0.005" classname="test.TestDemo"/>
  <system-out/>
</testsuite> <!-- test.TestDemo -->
