<?xml version="1.0" encoding="UTF-8"?>
<!-- Generated by org.testng.reporters.JUnitReportReporter -->
<testsuite skipped="0" hostname="YH-20191221DGKP" name="test.TestAuto" tests="1" failures="0" timestamp="2020-11-27T16:54:56 CST" time="25.869" errors="0">
  <testcase name="yjltest16" time="25.869" classname="test.TestAuto"/>
  <system-out/>
</testsuite> <!-- test.TestAuto -->
