<?xml version="1.0" encoding="UTF-8"?>
<!-- Generated by org.testng.reporters.JUnitReportReporter -->
<testsuite skipped="20" hostname="YH-20191221DGKP" name="test.TestAuto" tests="21" failures="0" timestamp="2020-12-03T11:55:42 CST" time="0.150" errors="1">
  <testcase name="doBeforeClass" time="0.150" classname="test.TestAuto">
    <error type="java.lang.IllegalStateException" message="Specified firefox binary location does not exist or is not a real file: C:\Program Files (x86)\Mozilla Firefox\firefox.exe">
      <![CDATA[java.lang.IllegalStateException: Specified firefox binary location does not exist or is not a real file: C:\Program Files (x86)\Mozilla Firefox\firefox.exe
at com.google.common.base.Preconditions.checkState(Preconditions.java:504)
at org.openqa.selenium.firefox.Executable.<init>(Executable.java:43)
at org.openqa.selenium.firefox.FirefoxBinary.<init>(FirefoxBinary.java:123)
at org.openqa.selenium.firefox.FirefoxOptions$Binary.asBinary(FirefoxOptions.java:420)
at java.util.Optional.map(Optional.java:215)
at org.openqa.selenium.firefox.FirefoxOptions.getBinaryOrNull(FirefoxOptions.java:220)
at org.openqa.selenium.firefox.FirefoxOptions.getBinary(FirefoxOptions.java:216)
at org.openqa.selenium.firefox.FirefoxDriver.toExecutor(FirefoxDriver.java:187)
at org.openqa.selenium.firefox.FirefoxDriver.<init>(FirefoxDriver.java:147)
at org.openqa.selenium.firefox.FirefoxDriver.<init>(FirefoxDriver.java:125)
at driver.BaseTest.newWebDriver(Unknown Source)
at driver.BaseTest.doBeforeClass(Unknown Source)
at sun.reflect.NativeMethodAccessorImpl.invoke0(Native Method)
at sun.reflect.NativeMethodAccessorImpl.invoke(NativeMethodAccessorImpl.java:62)
at sun.reflect.DelegatingMethodAccessorImpl.invoke(DelegatingMethodAccessorImpl.java:43)
at java.lang.reflect.Method.invoke(Method.java:498)
at org.testng.internal.MethodInvocationHelper.invokeMethod(MethodInvocationHelper.java:134)
at org.testng.internal.MethodInvocationHelper.invokeMethodConsideringTimeout(MethodInvocationHelper.java:63)
at org.testng.internal.ConfigInvoker.invokeConfigurationMethod(ConfigInvoker.java:348)
at org.testng.internal.ConfigInvoker.invokeConfigurations(ConfigInvoker.java:302)
at org.testng.internal.TestInvoker.runConfigMethods(TestInvoker.java:695)
at org.testng.internal.TestInvoker.invokeMethod(TestInvoker.java:523)
at org.testng.internal.TestInvoker.invokeTestMethod(TestInvoker.java:173)
at org.testng.internal.MethodRunner.runInSequence(MethodRunner.java:46)
at org.testng.internal.TestInvoker$MethodInvocationAgent.invoke(TestInvoker.java:816)
at org.testng.internal.TestInvoker.invokeTestMethods(TestInvoker.java:146)
at org.testng.internal.TestMethodWorker.invokeTestMethods(TestMethodWorker.java:146)
at org.testng.internal.TestMethodWorker.run(TestMethodWorker.java:128)
at java.util.ArrayList.forEach(ArrayList.java:1257)
at org.testng.TestRunner.privateRun(TestRunner.java:766)
at org.testng.TestRunner.run(TestRunner.java:587)
at org.testng.SuiteRunner.runTest(SuiteRunner.java:384)
at org.testng.SuiteRunner.runSequentially(SuiteRunner.java:378)
at org.testng.SuiteRunner.privateRun(SuiteRunner.java:337)
at org.testng.SuiteRunner.run(SuiteRunner.java:286)
at org.testng.SuiteRunnerWorker.runSuite(SuiteRunnerWorker.java:53)
at org.testng.SuiteRunnerWorker.run(SuiteRunnerWorker.java:96)
at org.testng.TestNG.runSuitesSequentially(TestNG.java:1187)
at org.testng.TestNG.runSuitesLocally(TestNG.java:1109)
at org.testng.TestNG.runSuites(TestNG.java:1039)
at org.testng.TestNG.run(TestNG.java:1007)
at org.testng.TestNG.privateMain(TestNG.java:1336)
at org.testng.TestNG.main(TestNG.java:1304)
]]>
    </error>
  </testcase> <!-- doBeforeClass -->
  <system-out/>
  <testcase name="yjltest1" time="0.000" classname="test.TestAuto">
    <skipped/>
  </testcase> <!-- yjltest1 -->
  <system-out/>
  <testcase name="yjltest2" time="0.000" classname="test.TestAuto">
    <skipped/>
  </testcase> <!-- yjltest2 -->
  <system-out/>
  <testcase name="yjltest3" time="0.000" classname="test.TestAuto">
    <skipped/>
  </testcase> <!-- yjltest3 -->
  <system-out/>
  <testcase name="yjltest4" time="0.000" classname="test.TestAuto">
    <skipped/>
  </testcase> <!-- yjltest4 -->
  <system-out/>
  <testcase name="yjltest5" time="0.000" classname="test.TestAuto">
    <skipped/>
  </testcase> <!-- yjltest5 -->
  <system-out/>
  <testcase name="yjltest6" time="0.000" classname="test.TestAuto">
    <skipped/>
  </testcase> <!-- yjltest6 -->
  <system-out/>
  <testcase name="yjltest7" time="0.000" classname="test.TestAuto">
    <skipped/>
  </testcase> <!-- yjltest7 -->
  <system-out/>
  <testcase name="yjltest8" time="0.000" classname="test.TestAuto">
    <skipped/>
  </testcase> <!-- yjltest8 -->
  <system-out/>
  <testcase name="yjltest9" time="0.000" classname="test.TestAuto">
    <skipped/>
  </testcase> <!-- yjltest9 -->
  <system-out/>
  <testcase name="yjltest10" time="0.000" classname="test.TestAuto">
    <skipped/>
  </testcase> <!-- yjltest10 -->
  <system-out/>
  <testcase name="yjltest11" time="0.000" classname="test.TestAuto">
    <skipped/>
  </testcase> <!-- yjltest11 -->
  <system-out/>
  <testcase name="yjltest12" time="0.000" classname="test.TestAuto">
    <skipped/>
  </testcase> <!-- yjltest12 -->
  <system-out/>
  <testcase name="yjltest13" time="0.000" classname="test.TestAuto">
    <skipped/>
  </testcase> <!-- yjltest13 -->
  <system-out/>
  <testcase name="yjltest14" time="0.000" classname="test.TestAuto">
    <skipped/>
  </testcase> <!-- yjltest14 -->
  <system-out/>
  <testcase name="yjltest15" time="0.000" classname="test.TestAuto">
    <skipped/>
  </testcase> <!-- yjltest15 -->
  <system-out/>
  <testcase name="yjltest16" time="0.000" classname="test.TestAuto">
    <skipped/>
  </testcase> <!-- yjltest16 -->
  <system-out/>
  <testcase name="yjltest17" time="0.000" classname="test.TestAuto">
    <skipped/>
  </testcase> <!-- yjltest17 -->
  <system-out/>
  <testcase name="yjltest18" time="0.000" classname="test.TestAuto">
    <skipped/>
  </testcase> <!-- yjltest18 -->
  <system-out/>
  <testcase name="yjltest19" time="0.000" classname="test.TestAuto">
    <skipped/>
  </testcase> <!-- yjltest19 -->
  <system-out/>
  <testcase name="yjltest20" time="0.000" classname="test.TestAuto">
    <skipped/>
  </testcase> <!-- yjltest20 -->
  <system-out/>
</testsuite> <!-- test.TestAuto -->
