<?xml version="1.0" encoding="UTF-8"?>
<!-- Generated by org.testng.reporters.JUnitReportReporter -->
<testsuite hostname="DESKTOP-R6U7DT6" name="com.hxy.test.Demo" tests="1" failures="0" timestamp="28 Nov 2020 03:48:08 GMT" time="0.006" errors="0">
  <testcase name="f" time="0.006" classname="com.hxy.test.Demo"/>
</testsuite> <!-- com.hxy.test.Demo -->
