<?xml version="1.0" encoding="UTF-8"?>
<!-- Generated by org.testng.reporters.JUnitReportReporter -->
<testsuite skipped="0" hostname="DESKTOP-R6U7DT6" name="com.hxy.test.Demo" tests="1" failures="0" timestamp="2020-11-30T11:02:51 CST" time="0.003" errors="0">
  <testcase name="f" time="0.003" classname="com.hxy.test.Demo"/>
  <system-out/>
</testsuite> <!-- com.hxy.test.Demo -->
